  [1m[35m (0.1ms)[0m  [1m[34mSELECT sqlite_version(*)[0m
  [1m[35m (2.7ms)[0m  [1m[35mCREATE TABLE "schema_migrations" ("version" varchar NOT NULL PRIMARY KEY)[0m
  [1m[35m (4.0ms)[0m  [1m[35mCREATE TABLE "ar_internal_metadata" ("key" varchar NOT NULL PRIMARY KEY, "value" varchar, "created_at" datetime NOT NULL, "updated_at" datetime NOT NULL)[0m
  [1m[35m (0.4ms)[0m  [1m[34mSELECT "schema_migrations"."version" FROM "schema_migrations" ORDER BY "schema_migrations"."version" ASC[0m
Migrating to CreateUsers (20170812074322)
  [1m[35m (0.1ms)[0m  [1m[36mbegin transaction[0m
  [1m[35m (0.7ms)[0m  [1m[35mCREATE TABLE "users" ("id" INTEGER PRIMARY KEY AUTOINCREMENT NOT NULL, "name" varchar, "email" varchar, "created_at" datetime NOT NULL, "updated_at" datetime NOT NULL)[0m
  [1m[35mSQL (0.4ms)[0m  [1m[32mINSERT INTO "schema_migrations" ("version") VALUES (?)[0m  [["version", "20170812074322"]]
  [1m[35m (4.9ms)[0m  [1m[36mcommit transaction[0m
Migrating to AddIndexToUsersEmail (20170812094129)
  [1m[35m (0.1ms)[0m  [1m[36mbegin transaction[0m
  [1m[35m (0.7ms)[0m  [1m[35mCREATE UNIQUE INDEX "index_users_on_email" ON "users" ("email")[0m
  [1m[35mSQL (1.8ms)[0m  [1m[32mINSERT INTO "schema_migrations" ("version") VALUES (?)[0m  [["version", "20170812094129"]]
  [1m[35m (3.0ms)[0m  [1m[36mcommit transaction[0m
Migrating to AddPasswordDigestToUsers (20170812095223)
  [1m[35m (0.2ms)[0m  [1m[36mbegin transaction[0m
  [1m[35m (1.0ms)[0m  [1m[35mALTER TABLE "users" ADD "password_digest" varchar[0m
  [1m[35mSQL (0.4ms)[0m  [1m[32mINSERT INTO "schema_migrations" ("version") VALUES (?)[0m  [["version", "20170812095223"]]
  [1m[35m (2.1ms)[0m  [1m[36mcommit transaction[0m
Migrating to AddRememberDigestToUsers (20170813084029)
  [1m[35m (0.1ms)[0m  [1m[36mbegin transaction[0m
  [1m[35m (0.8ms)[0m  [1m[35mALTER TABLE "users" ADD "remember_digest" varchar[0m
  [1m[35mSQL (2.5ms)[0m  [1m[32mINSERT INTO "schema_migrations" ("version") VALUES (?)[0m  [["version", "20170813084029"]]
  [1m[35m (5.5ms)[0m  [1m[36mcommit transaction[0m
Migrating to AddAdminToUsers (20170819033140)
  [1m[35m (0.1ms)[0m  [1m[36mbegin transaction[0m
  [1m[35m (0.8ms)[0m  [1m[35mALTER TABLE "users" ADD "admin" boolean DEFAULT 'f'[0m
  [1m[35mSQL (0.3ms)[0m  [1m[32mINSERT INTO "schema_migrations" ("version") VALUES (?)[0m  [["version", "20170819033140"]]
  [1m[35m (2.4ms)[0m  [1m[36mcommit transaction[0m
Migrating to AddActivationToUsers (20170819052837)
  [1m[35m (0.1ms)[0m  [1m[36mbegin transaction[0m
  [1m[35m (2.1ms)[0m  [1m[35mALTER TABLE "users" ADD "activation_digest" varchar[0m
  [1m[35m (0.5ms)[0m  [1m[35mALTER TABLE "users" ADD "activated" boolean DEFAULT 'f'[0m
  [1m[35m (0.4ms)[0m  [1m[35mALTER TABLE "users" ADD "activated_at" datetime[0m
  [1m[35mSQL (0.4ms)[0m  [1m[32mINSERT INTO "schema_migrations" ("version") VALUES (?)[0m  [["version", "20170819052837"]]
  [1m[35m (3.5ms)[0m  [1m[36mcommit transaction[0m
Migrating to AddResetToUsers (20170819083633)
  [1m[35m (0.1ms)[0m  [1m[36mbegin transaction[0m
  [1m[35m (1.6ms)[0m  [1m[35mALTER TABLE "users" ADD "reset_digest" varchar[0m
  [1m[35m (0.7ms)[0m  [1m[35mALTER TABLE "users" ADD "reset_sent_at" datetime[0m
  [1m[35mSQL (1.1ms)[0m  [1m[32mINSERT INTO "schema_migrations" ("version") VALUES (?)[0m  [["version", "20170819083633"]]
  [1m[35m (19.7ms)[0m  [1m[36mcommit transaction[0m
  [1m[36mActiveRecord::InternalMetadata Load (0.4ms)[0m  [1m[34mSELECT  "ar_internal_metadata".* FROM "ar_internal_metadata" WHERE "ar_internal_metadata"."key" = ? LIMIT ?[0m  [["key", "environment"], ["LIMIT", 1]]
  [1m[35m (0.1ms)[0m  [1m[36mbegin transaction[0m
  [1m[35mSQL (1.2ms)[0m  [1m[32mINSERT INTO "ar_internal_metadata" ("key", "value", "created_at", "updated_at") VALUES (?, ?, ?, ?)[0m  [["key", "environment"], ["value", "development"], ["created_at", "2018-11-21 14:25:51.915040"], ["updated_at", "2018-11-21 14:25:51.915040"]]
  [1m[35m (2.8ms)[0m  [1m[36mcommit transaction[0m
  [1m[35m (0.4ms)[0m  [1m[34mSELECT "schema_migrations"."version" FROM "schema_migrations" ORDER BY "schema_migrations"."version" ASC[0m
  [1m[35m (0.1ms)[0m  [1m[34m            SELECT sql
            FROM sqlite_master
            WHERE name='index_users_on_email' AND type='index'
            UNION ALL
            SELECT sql
            FROM sqlite_temp_master
            WHERE name='index_users_on_email' AND type='index'
[0m
Started GET "/" for 127.0.0.1 at 2018-11-21 21:26:02 +0700
  [1m[35m (0.2ms)[0m  [1m[34mSELECT "schema_migrations"."version" FROM "schema_migrations" ORDER BY "schema_migrations"."version" ASC[0m
Processing by StaticPagesController#home as HTML
  Rendering static_pages/home.html.erb within layouts/application
  Rendered static_pages/home.html.erb within layouts/application (10380.2ms)
  Rendered layouts/_shim.html.erb (0.4ms)
  Rendered layouts/_header.html.erb (10.5ms)
  Rendered layouts/_footer.html.erb (1.2ms)
Completed 200 OK in 10620ms (Views: 10597.8ms | ActiveRecord: 0.0ms)


Started GET "/login" for 127.0.0.1 at 2018-11-21 21:26:18 +0700
Processing by SessionsController#new as HTML
  Rendering sessions/new.html.erb within layouts/application
  Rendered sessions/new.html.erb within layouts/application (1374.5ms)
  Rendered layouts/_shim.html.erb (0.5ms)
  Rendered layouts/_header.html.erb (1.3ms)
  Rendered layouts/_footer.html.erb (0.6ms)
Completed 200 OK in 1544ms (Views: 1540.4ms | ActiveRecord: 0.0ms)


Started GET "/password_resets/new" for 127.0.0.1 at 2018-11-21 21:26:23 +0700
Processing by PasswordResetsController#new as HTML
  Rendering password_resets/new.html.erb within layouts/application
  Rendered password_resets/new.html.erb within layouts/application (3.0ms)
  Rendered layouts/_shim.html.erb (0.4ms)
  Rendered layouts/_header.html.erb (2.0ms)
  Rendered layouts/_footer.html.erb (1.2ms)
Completed 200 OK in 118ms (Views: 115.9ms | ActiveRecord: 0.0ms)


Started GET "/users/1" for 127.0.0.1 at 2018-11-21 21:26:35 +0700
Processing by UsersController#show as HTML
  Parameters: {"id"=>"1"}
  [1m[36mUser Load (0.4ms)[0m  [1m[34mSELECT  "users".* FROM "users" WHERE "users"."id" = ? LIMIT ?[0m  [["id", 1], ["LIMIT", 1]]
Completed 404 Not Found in 26ms (ActiveRecord: 3.7ms)


  
ActiveRecord::RecordNotFound (Couldn't find User with 'id'=1):
  
app/controllers/users_controller.rb:14:in `show'
Started GET "/users" for 127.0.0.1 at 2018-11-21 21:26:38 +0700
Processing by UsersController#index as HTML
Redirected to http://0.0.0.0:3000/login
Filter chain halted as :logged_in_user rendered or redirected
Completed 302 Found in 2ms (ActiveRecord: 0.0ms)


Started GET "/login" for 127.0.0.1 at 2018-11-21 21:26:38 +0700
Processing by SessionsController#new as HTML
  Rendering sessions/new.html.erb within layouts/application
  Rendered sessions/new.html.erb within layouts/application (5.6ms)
  Rendered layouts/_shim.html.erb (0.4ms)
  Rendered layouts/_header.html.erb (2.0ms)
  Rendered layouts/_footer.html.erb (0.9ms)
Completed 200 OK in 100ms (Views: 99.1ms | ActiveRecord: 0.0ms)


Started GET "/login" for 127.0.0.1 at 2018-11-21 21:26:42 +0700
Processing by SessionsController#new as HTML
  Rendering sessions/new.html.erb within layouts/application
  Rendered sessions/new.html.erb within layouts/application (2.4ms)
  Rendered layouts/_shim.html.erb (0.5ms)
  Rendered layouts/_header.html.erb (2.4ms)
  Rendered layouts/_footer.html.erb (1.3ms)
Completed 200 OK in 169ms (Views: 167.6ms | ActiveRecord: 0.0ms)


Started GET "/login" for 127.0.0.1 at 2018-11-21 21:26:43 +0700
Processing by SessionsController#new as HTML
  Rendering sessions/new.html.erb within layouts/application
  Rendered sessions/new.html.erb within layouts/application (5.3ms)
  Rendered layouts/_shim.html.erb (1.8ms)
  Rendered layouts/_header.html.erb (2.7ms)
  Rendered layouts/_footer.html.erb (2.5ms)
Completed 200 OK in 186ms (Views: 184.0ms | ActiveRecord: 0.0ms)


Started GET "/" for 127.0.0.1 at 2018-11-21 21:26:45 +0700
Processing by StaticPagesController#home as HTML
  Rendering static_pages/home.html.erb within layouts/application
  Rendered static_pages/home.html.erb within layouts/application (3.8ms)
  Rendered layouts/_shim.html.erb (0.6ms)
  Rendered layouts/_header.html.erb (1.7ms)
  Rendered layouts/_footer.html.erb (1.2ms)
Completed 200 OK in 143ms (Views: 139.8ms | ActiveRecord: 0.0ms)


Started GET "/signup" for 127.0.0.1 at 2018-11-21 21:26:51 +0700
Processing by UsersController#new as HTML
  Rendering users/new.html.erb within layouts/application
  Rendered shared/_error_messages.html.erb (0.8ms)
  Rendered users/new.html.erb within layouts/application (9.3ms)
  Rendered layouts/_shim.html.erb (0.5ms)
  Rendered layouts/_header.html.erb (2.7ms)
  Rendered layouts/_footer.html.erb (0.7ms)
Completed 200 OK in 188ms (Views: 131.9ms | ActiveRecord: 0.0ms)


Started POST "/users" for 127.0.0.1 at 2018-11-21 21:26:59 +0700
Processing by UsersController#create as HTML
  Parameters: {"utf8"=>"✓", "authenticity_token"=>"OtSjiQSXc+4iLjFeVlaI4tDnPl2qKnzR8RojuMYB45ttmfA3YWUsiB4P2AD+E/kUinPTKtTpJ0lNQ1c+BOJRaw==", "user"=>{"name"=>"sang", "email"=>"sang@gmail.com", "password"=>"[FILTERED]", "password_confirmation"=>"[FILTERED]"}, "commit"=>"Create my account"}
  [1m[35m (0.2ms)[0m  [1m[36mbegin transaction[0m
  [1m[36mUser Exists (0.4ms)[0m  [1m[34mSELECT  1 AS one FROM "users" WHERE LOWER("users"."email") = LOWER(?) LIMIT ?[0m  [["email", "sang@gmail.com"], ["LIMIT", 1]]
  [1m[35mSQL (2.1ms)[0m  [1m[32mINSERT INTO "users" ("name", "email", "created_at", "updated_at", "password_digest", "activation_digest") VALUES (?, ?, ?, ?, ?, ?)[0m  [["name", "sang"], ["email", "sang@gmail.com"], ["created_at", "2018-11-21 14:27:00.102088"], ["updated_at", "2018-11-21 14:27:00.102088"], ["password_digest", "$2a$10$f14Jo4rWH5NlDXwIJwGHtu5GIwWjIrDeUsOQCGpY4GYZJ9l4TcIGW"], ["activation_digest", "$2a$10$F2Iziu5lOgak8i0encoKcecTUgYqyU4j5CMOxXJPwc4QW3sk6a.2G"]]
  [1m[35m (3.7ms)[0m  [1m[36mcommit transaction[0m
  Rendering user_mailer/account_activation.html.erb within layouts/mailer
  Rendered user_mailer/account_activation.html.erb within layouts/mailer (7.7ms)
  Rendering user_mailer/account_activation.text.erb within layouts/mailer
  Rendered user_mailer/account_activation.text.erb within layouts/mailer (1.5ms)
UserMailer#account_activation: processed outbound mail in 594.4ms
Sent mail to sang@gmail.com (34.8ms)
Date: Wed, 21 Nov 2018 21:27:01 +0700
From: noreply@example.com
To: sang@gmail.com
Message-ID: <5bf56b359c052_4d8324cade01969@ubuntu.mail>
Subject: Account activation
Mime-Version: 1.0
Content-Type: multipart/alternative;
 boundary="--==_mimepart_5bf56b3594148_4d8324cade019516";
 charset=UTF-8
Content-Transfer-Encoding: 7bit


----==_mimepart_5bf56b3594148_4d8324cade019516
Content-Type: text/plain;
 charset=UTF-8
Content-Transfer-Encoding: 7bit

Hi sang,

Welcome to the Sample App! Click on the link below to activate your account:

https://railstutorial-yasulab.c9users.io/account_activations/PI4hUQtUJgdXAP6LRkHzVg/edit?email=sang%40gmail.com

----==_mimepart_5bf56b3594148_4d8324cade019516
Content-Type: text/html;
 charset=UTF-8
Content-Transfer-Encoding: 7bit

<!DOCTYPE html>
<html>
  <head>
    <meta http-equiv="Content-Type" content="text/html; charset=utf-8" />
    <style>
      /* Email styles need to be inline */
    </style>
  </head>

  <body>
    <h1>Sample App</h1>

<p>Hi sang,</p>

<p>
Welcome to the Sample App! Click on the link below to activate your account:
</p>

<a href="https://railstutorial-yasulab.c9users.io/account_activations/PI4hUQtUJgdXAP6LRkHzVg/edit?email=sang%40gmail.com">Activate</a>
  </body>
</html>

----==_mimepart_5bf56b3594148_4d8324cade019516--

Redirected to http://0.0.0.0:3000/
Completed 302 Found in 1658ms (ActiveRecord: 6.4ms)


Started GET "/" for 127.0.0.1 at 2018-11-21 21:27:01 +0700
Processing by StaticPagesController#home as HTML
  Rendering static_pages/home.html.erb within layouts/application
  Rendered static_pages/home.html.erb within layouts/application (5.0ms)
  Rendered layouts/_shim.html.erb (1.0ms)
  Rendered layouts/_header.html.erb (2.4ms)
  Rendered layouts/_footer.html.erb (1.5ms)
Completed 200 OK in 146ms (Views: 140.6ms | ActiveRecord: 0.0ms)


Started GET "/" for 127.0.0.1 at 2018-11-21 21:27:09 +0700
Processing by StaticPagesController#home as HTML
  Rendering static_pages/home.html.erb within layouts/application
  Rendered static_pages/home.html.erb within layouts/application (5.5ms)
  Rendered layouts/_shim.html.erb (0.5ms)
  Rendered layouts/_header.html.erb (2.2ms)
  Rendered layouts/_footer.html.erb (2.3ms)
Completed 200 OK in 121ms (Views: 118.4ms | ActiveRecord: 0.0ms)


Started GET "/login" for 127.0.0.1 at 2018-11-21 21:27:10 +0700
Processing by SessionsController#new as HTML
  Rendering sessions/new.html.erb within layouts/application
  Rendered sessions/new.html.erb within layouts/application (8.4ms)
  Rendered layouts/_shim.html.erb (0.7ms)
  Rendered layouts/_header.html.erb (2.2ms)
  Rendered layouts/_footer.html.erb (5.5ms)
Completed 200 OK in 183ms (Views: 181.6ms | ActiveRecord: 0.0ms)


Started POST "/login" for 127.0.0.1 at 2018-11-21 21:27:15 +0700
Processing by SessionsController#create as HTML
  Parameters: {"utf8"=>"✓", "authenticity_token"=>"YUJ/Ro+/AdVCe6qYTfXqk4zLrxyW3lqpDVdqyIh8Sv6wzn+eWZtkVLBOm+fc0TiF+qb436Q0IsebUgczrYuQZA==", "session"=>{"email"=>"sang@gmail.com", "password"=>"[FILTERED]", "remember_me"=>"1"}, "commit"=>"Log in"}
  [1m[36mUser Load (0.5ms)[0m  [1m[34mSELECT  "users".* FROM "users" WHERE "users"."email" = ? LIMIT ?[0m  [["email", "sang@gmail.com"], ["LIMIT", 1]]
Redirected to http://0.0.0.0:3000/
Completed 302 Found in 124ms (ActiveRecord: 0.5ms)


Started GET "/" for 127.0.0.1 at 2018-11-21 21:27:15 +0700
Processing by StaticPagesController#home as HTML
  Rendering static_pages/home.html.erb within layouts/application
  Rendered static_pages/home.html.erb within layouts/application (5.5ms)
  Rendered layouts/_shim.html.erb (1.6ms)
  Rendered layouts/_header.html.erb (4.3ms)
  Rendered layouts/_footer.html.erb (1.0ms)
Completed 200 OK in 203ms (Views: 196.9ms | ActiveRecord: 0.0ms)


