D, [2018-10-17T21:29:24.715249 #4144] DEBUG -- :   [1m[35m (0.2ms)[0m  [1m[34mSELECT sqlite_version(*)[0m
D, [2018-10-17T21:29:24.724381 #4144] DEBUG -- :   [1m[35m (8.7ms)[0m  [1m[35mCREATE TABLE "schema_migrations" ("version" varchar NOT NULL PRIMARY KEY)[0m
D, [2018-10-17T21:29:24.730459 #4144] DEBUG -- :   [1m[35m (3.7ms)[0m  [1m[35mCREATE TABLE "ar_internal_metadata" ("key" varchar NOT NULL PRIMARY KEY, "value" varchar, "created_at" datetime NOT NULL, "updated_at" datetime NOT NULL)[0m
D, [2018-10-17T21:29:24.740331 #4144] DEBUG -- :   [1m[35m (0.2ms)[0m  [1m[34mSELECT "schema_migrations"."version" FROM "schema_migrations" ORDER BY "schema_migrations"."version" ASC[0m
I, [2018-10-17T21:29:24.740594 #4144]  INFO -- : Migrating to CreateUsers (20181017130549)
D, [2018-10-17T21:29:24.742593 #4144] DEBUG -- :   [1m[35m (0.1ms)[0m  [1m[36mbegin transaction[0m
D, [2018-10-17T21:29:24.744550 #4144] DEBUG -- :   [1m[35m (0.8ms)[0m  [1m[35mCREATE TABLE "users" ("id" integer PRIMARY KEY AUTOINCREMENT NOT NULL, "name" varchar, "email" varchar, "created_at" datetime NOT NULL, "updated_at" datetime NOT NULL)[0m
D, [2018-10-17T21:29:24.749590 #4144] DEBUG -- :   [1m[36mActiveRecord::SchemaMigration Create (0.4ms)[0m  [1m[32mINSERT INTO "schema_migrations" ("version") VALUES (?)[0m  [["version", "20181017130549"]]
D, [2018-10-17T21:29:24.753639 #4144] DEBUG -- :   [1m[35m (3.5ms)[0m  [1m[36mcommit transaction[0m
I, [2018-10-17T21:29:24.753864 #4144]  INFO -- : Migrating to AddIndexToUsersEmail (20181017135502)
D, [2018-10-17T21:29:24.754879 #4144] DEBUG -- :   [1m[35m (0.2ms)[0m  [1m[36mbegin transaction[0m
D, [2018-10-17T21:29:24.756972 #4144] DEBUG -- :   [1m[35m (0.5ms)[0m  [1m[35mCREATE UNIQUE INDEX "index_users_on_email" ON "users" ("email")[0m
D, [2018-10-17T21:29:24.759513 #4144] DEBUG -- :   [1m[36mActiveRecord::SchemaMigration Create (0.8ms)[0m  [1m[32mINSERT INTO "schema_migrations" ("version") VALUES (?)[0m  [["version", "20181017135502"]]
D, [2018-10-17T21:29:24.763829 #4144] DEBUG -- :   [1m[35m (3.8ms)[0m  [1m[36mcommit transaction[0m
I, [2018-10-17T21:29:24.764148 #4144]  INFO -- : Migrating to AddPasswordDigestToUsers (20181017140220)
D, [2018-10-17T21:29:24.765312 #4144] DEBUG -- :   [1m[35m (0.2ms)[0m  [1m[36mbegin transaction[0m
D, [2018-10-17T21:29:24.767586 #4144] DEBUG -- :   [1m[35m (1.0ms)[0m  [1m[35mALTER TABLE "users" ADD "password_digest" varchar[0m
D, [2018-10-17T21:29:24.769231 #4144] DEBUG -- :   [1m[36mActiveRecord::SchemaMigration Create (0.4ms)[0m  [1m[32mINSERT INTO "schema_migrations" ("version") VALUES (?)[0m  [["version", "20181017140220"]]
D, [2018-10-17T21:29:24.772377 #4144] DEBUG -- :   [1m[35m (2.6ms)[0m  [1m[36mcommit transaction[0m
D, [2018-10-17T21:29:24.777338 #4144] DEBUG -- :   [1m[36mActiveRecord::InternalMetadata Load (0.4ms)[0m  [1m[34mSELECT  "ar_internal_metadata".* FROM "ar_internal_metadata" WHERE "ar_internal_metadata"."key" = ? LIMIT ?[0m  [["key", "environment"], ["LIMIT", 1]]
D, [2018-10-17T21:29:24.786538 #4144] DEBUG -- :   [1m[35m (0.1ms)[0m  [1m[36mbegin transaction[0m
D, [2018-10-17T21:29:24.789390 #4144] DEBUG -- :   [1m[36mActiveRecord::InternalMetadata Create (0.8ms)[0m  [1m[32mINSERT INTO "ar_internal_metadata" ("key", "value", "created_at", "updated_at") VALUES (?, ?, ?, ?)[0m  [["key", "environment"], ["value", "production"], ["created_at", "2018-10-17 14:29:24.786918"], ["updated_at", "2018-10-17 14:29:24.786918"]]
D, [2018-10-17T21:29:24.795414 #4144] DEBUG -- :   [1m[35m (5.4ms)[0m  [1m[36mcommit transaction[0m
